2023-11-12 10:58:37,878 INFO [main] org.springframework.test.context.support.AbstractTestContextBootstrapper: Neither @ContextConfiguration nor @ContextHierarchy found for test class [ru.sber.orderservice.controller.OrderControllerTests], using SpringBootContextLoader
2023-11-12 10:58:37,887 INFO [main] org.springframework.test.context.support.AbstractContextLoader: Could not detect default resource locations for test class [ru.sber.orderservice.controller.OrderControllerTests]: no resource found for suffixes {-context.xml, Context.groovy}.
2023-11-12 10:58:37,889 INFO [main] org.springframework.test.context.support.AnnotationConfigContextLoaderUtils: Could not detect default configuration classes for test class [ru.sber.orderservice.controller.OrderControllerTests]: OrderControllerTests does not declare any static, non-private, non-final, nested classes annotated with @Configuration.
2023-11-12 10:58:38,232 INFO [main] org.springframework.boot.test.context.SpringBootTestContextBootstrapper: Found @SpringBootConfiguration ru.sber.orderservice.OrderServiceApplication for test class ru.sber.orderservice.controller.OrderControllerTests
2023-11-12 10:58:38,236 INFO [main] org.springframework.test.context.support.AbstractTestContextBootstrapper: Loaded default TestExecutionListener class names from location [META-INF/spring.factories]: [org.springframework.boot.test.mock.mockito.MockitoTestExecutionListener, org.springframework.boot.test.mock.mockito.ResetMocksTestExecutionListener, org.springframework.boot.test.autoconfigure.restdocs.RestDocsTestExecutionListener, org.springframework.boot.test.autoconfigure.web.client.MockRestServiceServerResetTestExecutionListener, org.springframework.boot.test.autoconfigure.web.servlet.MockMvcPrintOnlyOnFailureTestExecutionListener, org.springframework.boot.test.autoconfigure.web.servlet.WebDriverTestExecutionListener, org.springframework.boot.test.autoconfigure.webservices.client.MockWebServiceServerTestExecutionListener, org.springframework.test.context.web.ServletTestExecutionListener, org.springframework.test.context.support.DirtiesContextBeforeModesTestExecutionListener, org.springframework.test.context.event.ApplicationEventsTestExecutionListener, org.springframework.test.context.support.DependencyInjectionTestExecutionListener, org.springframework.test.context.support.DirtiesContextTestExecutionListener, org.springframework.test.context.transaction.TransactionalTestExecutionListener, org.springframework.test.context.jdbc.SqlScriptsTestExecutionListener, org.springframework.test.context.event.EventPublishingTestExecutionListener]
2023-11-12 10:58:38,266 INFO [main] org.springframework.test.context.support.AbstractTestContextBootstrapper: Using TestExecutionListeners: [org.springframework.test.context.web.ServletTestExecutionListener@5c08c46a, org.springframework.test.context.support.DirtiesContextBeforeModesTestExecutionListener@4cf8b2dc, org.springframework.test.context.event.ApplicationEventsTestExecutionListener@708400f6, org.springframework.boot.test.mock.mockito.MockitoTestExecutionListener@5829e4f4, org.springframework.boot.test.autoconfigure.SpringBootDependencyInjectionTestExecutionListener@4218500f, org.springframework.test.context.support.DirtiesContextTestExecutionListener@4bff64c2, org.springframework.test.context.transaction.TransactionalTestExecutionListener@1b2c4efb, org.springframework.test.context.jdbc.SqlScriptsTestExecutionListener@c35172e, org.springframework.test.context.event.EventPublishingTestExecutionListener@c2db68f, org.springframework.boot.test.mock.mockito.ResetMocksTestExecutionListener@3cc41abc, org.springframework.boot.test.autoconfigure.restdocs.RestDocsTestExecutionListener@4566d049, org.springframework.boot.test.autoconfigure.web.client.MockRestServiceServerResetTestExecutionListener@61ce23ac, org.springframework.boot.test.autoconfigure.web.servlet.MockMvcPrintOnlyOnFailureTestExecutionListener@3668d4, org.springframework.boot.test.autoconfigure.web.servlet.WebDriverTestExecutionListener@1c3b9394, org.springframework.boot.test.autoconfigure.webservices.client.MockWebServiceServerTestExecutionListener@6f2cfcc2]
2023-11-12 10:58:39,160 INFO [main] org.springframework.boot.StartupInfoLogger: Starting OrderControllerTests using Java 18.0.2.1 on DESKTOP-M3SJL48 with PID 24332 (started by Александр in D:\Java Homework\Test task\order-service)
2023-11-12 10:58:39,160 INFO [background-preinit] org.hibernate.validator.internal.util.Version: HV000001: Hibernate Validator 6.2.5.Final
2023-11-12 10:58:39,162 INFO [main] org.springframework.boot.SpringApplication: No active profile set, falling back to 1 default profile: "default"
2023-11-12 10:58:42,440 INFO [main] org.springframework.mock.web.MockServletContext: Initializing Spring TestDispatcherServlet ''
2023-11-12 10:58:42,441 INFO [main] org.springframework.web.servlet.FrameworkServlet: Initializing Servlet ''
2023-11-12 10:58:42,444 INFO [main] org.springframework.web.servlet.FrameworkServlet: Completed initialization in 3 ms
2023-11-12 10:58:42,506 INFO [main] org.springframework.boot.StartupInfoLogger: Started OrderControllerTests in 3.916 seconds (JVM running for 5.854)
2023-11-12 10:58:43,041 INFO [main] org.springframework.test.context.support.AbstractTestContextBootstrapper: Neither @ContextConfiguration nor @ContextHierarchy found for test class [ru.sber.orderservice.mapper.OrderMapperTests], using SpringBootContextLoader
2023-11-12 10:58:43,042 INFO [main] org.springframework.test.context.support.AbstractContextLoader: Could not detect default resource locations for test class [ru.sber.orderservice.mapper.OrderMapperTests]: no resource found for suffixes {-context.xml, Context.groovy}.
2023-11-12 10:58:43,043 INFO [main] org.springframework.test.context.support.AnnotationConfigContextLoaderUtils: Could not detect default configuration classes for test class [ru.sber.orderservice.mapper.OrderMapperTests]: OrderMapperTests does not declare any static, non-private, non-final, nested classes annotated with @Configuration.
2023-11-12 10:58:43,054 INFO [main] org.springframework.boot.test.context.SpringBootTestContextBootstrapper: Found @SpringBootConfiguration ru.sber.orderservice.OrderServiceApplication for test class ru.sber.orderservice.mapper.OrderMapperTests
2023-11-12 10:58:43,062 INFO [main] org.springframework.test.context.support.AbstractTestContextBootstrapper: Loaded default TestExecutionListener class names from location [META-INF/spring.factories]: [org.springframework.boot.test.mock.mockito.MockitoTestExecutionListener, org.springframework.boot.test.mock.mockito.ResetMocksTestExecutionListener, org.springframework.boot.test.autoconfigure.restdocs.RestDocsTestExecutionListener, org.springframework.boot.test.autoconfigure.web.client.MockRestServiceServerResetTestExecutionListener, org.springframework.boot.test.autoconfigure.web.servlet.MockMvcPrintOnlyOnFailureTestExecutionListener, org.springframework.boot.test.autoconfigure.web.servlet.WebDriverTestExecutionListener, org.springframework.boot.test.autoconfigure.webservices.client.MockWebServiceServerTestExecutionListener, org.springframework.test.context.web.ServletTestExecutionListener, org.springframework.test.context.support.DirtiesContextBeforeModesTestExecutionListener, org.springframework.test.context.event.ApplicationEventsTestExecutionListener, org.springframework.test.context.support.DependencyInjectionTestExecutionListener, org.springframework.test.context.support.DirtiesContextTestExecutionListener, org.springframework.test.context.transaction.TransactionalTestExecutionListener, org.springframework.test.context.jdbc.SqlScriptsTestExecutionListener, org.springframework.test.context.event.EventPublishingTestExecutionListener]
2023-11-12 10:58:43,063 INFO [main] org.springframework.test.context.support.AbstractTestContextBootstrapper: Using TestExecutionListeners: [org.springframework.test.context.web.ServletTestExecutionListener@67ceeffd, org.springframework.test.context.support.DirtiesContextBeforeModesTestExecutionListener@3fc1abf, org.springframework.test.context.event.ApplicationEventsTestExecutionListener@72001c71, org.springframework.boot.test.mock.mockito.MockitoTestExecutionListener@e7b0bec, org.springframework.boot.test.autoconfigure.SpringBootDependencyInjectionTestExecutionListener@1e5aacd9, org.springframework.test.context.support.DirtiesContextTestExecutionListener@7d90644f, org.springframework.test.context.transaction.TransactionalTestExecutionListener@f810c18, org.springframework.test.context.jdbc.SqlScriptsTestExecutionListener@59f3426f, org.springframework.test.context.event.EventPublishingTestExecutionListener@120411ec, org.springframework.boot.test.mock.mockito.ResetMocksTestExecutionListener@6cc8adff, org.springframework.boot.test.autoconfigure.restdocs.RestDocsTestExecutionListener@6b2e9db2, org.springframework.boot.test.autoconfigure.web.client.MockRestServiceServerResetTestExecutionListener@280d5a82, org.springframework.boot.test.autoconfigure.web.servlet.MockMvcPrintOnlyOnFailureTestExecutionListener@1a34a51e, org.springframework.boot.test.autoconfigure.web.servlet.WebDriverTestExecutionListener@333a44f2, org.springframework.boot.test.autoconfigure.webservices.client.MockWebServiceServerTestExecutionListener@2c668c2a]
2023-11-12 10:58:43,116 INFO [main] org.springframework.boot.StartupInfoLogger: Starting OrderMapperTests using Java 18.0.2.1 on DESKTOP-M3SJL48 with PID 24332 (started by Александр in D:\Java Homework\Test task\order-service)
2023-11-12 10:58:43,117 INFO [main] org.springframework.boot.SpringApplication: No active profile set, falling back to 1 default profile: "default"
2023-11-12 10:58:43,802 INFO [main] org.springframework.data.repository.config.RepositoryConfigurationDelegate: Bootstrapping Spring Data JPA repositories in DEFAULT mode.
2023-11-12 10:58:43,924 INFO [main] org.springframework.data.repository.config.RepositoryConfigurationDelegate: Finished Spring Data repository scanning in 101 ms. Found 2 JPA repository interfaces.
2023-11-12 10:58:44,740 INFO [main] com.zaxxer.hikari.HikariDataSource: HikariPool-1 - Starting...
2023-11-12 10:58:45,170 INFO [main] com.zaxxer.hikari.HikariDataSource: HikariPool-1 - Start completed.
2023-11-12 10:58:45,754 INFO [main] liquibase.logging.core.JavaLogger: Successfully acquired change log lock
2023-11-12 10:58:45,969 INFO [main] liquibase.logging.core.JavaLogger: Reading from public.databasechangelog
2023-11-12 10:58:46,070 INFO [main] liquibase.logging.core.JavaLogger: Successfully released change log lock
2023-11-12 10:58:46,201 INFO [main] org.hibernate.jpa.internal.util.LogHelper: HHH000204: Processing PersistenceUnitInfo [name: default]
2023-11-12 10:58:46,321 INFO [main] org.hibernate.Version: HHH000412: Hibernate ORM core version 5.6.15.Final
2023-11-12 10:58:46,388 INFO [main] org.hibernate.annotations.common.reflection.java.JavaReflectionManager: HCANN000001: Hibernate Commons Annotations {5.1.2.Final}
2023-11-12 10:58:46,553 INFO [main] org.hibernate.dialect.Dialect: HHH000400: Using dialect: org.hibernate.dialect.PostgreSQLDialect
2023-11-12 10:58:47,179 INFO [main] org.hibernate.engine.transaction.jta.platform.internal.JtaPlatformInitiator: HHH000490: Using JtaPlatform implementation: [org.hibernate.engine.transaction.jta.platform.internal.NoJtaPlatform]
2023-11-12 10:58:47,194 INFO [main] org.springframework.orm.jpa.AbstractEntityManagerFactoryBean: Initialized JPA EntityManagerFactory for persistence unit 'default'
2023-11-12 10:58:48,180 WARN [main] org.springframework.boot.autoconfigure.orm.jpa.JpaBaseConfiguration$JpaWebConfiguration: spring.jpa.open-in-view is enabled by default. Therefore, database queries may be performed during view rendering. Explicitly configure spring.jpa.open-in-view to disable this warning
2023-11-12 10:58:48,917 INFO [main] org.springframework.boot.StartupInfoLogger: Started OrderMapperTests in 5.849 seconds (JVM running for 12.265)
2023-11-12 10:58:48,941 INFO [main] org.springframework.test.context.support.AbstractTestContextBootstrapper: Neither @ContextConfiguration nor @ContextHierarchy found for test class [ru.sber.orderservice.service.OrderServiceTests], using SpringBootContextLoader
2023-11-12 10:58:48,944 INFO [main] org.springframework.test.context.support.AbstractContextLoader: Could not detect default resource locations for test class [ru.sber.orderservice.service.OrderServiceTests]: no resource found for suffixes {-context.xml, Context.groovy}.
2023-11-12 10:58:48,944 INFO [main] org.springframework.test.context.support.AnnotationConfigContextLoaderUtils: Could not detect default configuration classes for test class [ru.sber.orderservice.service.OrderServiceTests]: OrderServiceTests does not declare any static, non-private, non-final, nested classes annotated with @Configuration.
2023-11-12 10:58:48,953 INFO [main] org.springframework.boot.test.context.SpringBootTestContextBootstrapper: Found @SpringBootConfiguration ru.sber.orderservice.OrderServiceApplication for test class ru.sber.orderservice.service.OrderServiceTests
2023-11-12 10:58:48,956 INFO [main] org.springframework.test.context.support.AbstractTestContextBootstrapper: Loaded default TestExecutionListener class names from location [META-INF/spring.factories]: [org.springframework.boot.test.mock.mockito.MockitoTestExecutionListener, org.springframework.boot.test.mock.mockito.ResetMocksTestExecutionListener, org.springframework.boot.test.autoconfigure.restdocs.RestDocsTestExecutionListener, org.springframework.boot.test.autoconfigure.web.client.MockRestServiceServerResetTestExecutionListener, org.springframework.boot.test.autoconfigure.web.servlet.MockMvcPrintOnlyOnFailureTestExecutionListener, org.springframework.boot.test.autoconfigure.web.servlet.WebDriverTestExecutionListener, org.springframework.boot.test.autoconfigure.webservices.client.MockWebServiceServerTestExecutionListener, org.springframework.test.context.web.ServletTestExecutionListener, org.springframework.test.context.support.DirtiesContextBeforeModesTestExecutionListener, org.springframework.test.context.event.ApplicationEventsTestExecutionListener, org.springframework.test.context.support.DependencyInjectionTestExecutionListener, org.springframework.test.context.support.DirtiesContextTestExecutionListener, org.springframework.test.context.transaction.TransactionalTestExecutionListener, org.springframework.test.context.jdbc.SqlScriptsTestExecutionListener, org.springframework.test.context.event.EventPublishingTestExecutionListener]
2023-11-12 10:58:48,957 INFO [main] org.springframework.test.context.support.AbstractTestContextBootstrapper: Using TestExecutionListeners: [org.springframework.test.context.web.ServletTestExecutionListener@1b513ce8, org.springframework.test.context.support.DirtiesContextBeforeModesTestExecutionListener@17596317, org.springframework.test.context.event.ApplicationEventsTestExecutionListener@375f276e, org.springframework.boot.test.mock.mockito.MockitoTestExecutionListener@297bbd41, org.springframework.boot.test.autoconfigure.SpringBootDependencyInjectionTestExecutionListener@3b5f72fa, org.springframework.test.context.support.DirtiesContextTestExecutionListener@67c2ff5d, org.springframework.test.context.transaction.TransactionalTestExecutionListener@29e8c09c, org.springframework.test.context.jdbc.SqlScriptsTestExecutionListener@5d8de155, org.springframework.test.context.event.EventPublishingTestExecutionListener@1d0590bc, org.springframework.boot.test.mock.mockito.ResetMocksTestExecutionListener@6d4dac56, org.springframework.boot.test.autoconfigure.restdocs.RestDocsTestExecutionListener@2ce7d43, org.springframework.boot.test.autoconfigure.web.client.MockRestServiceServerResetTestExecutionListener@30fba306, org.springframework.boot.test.autoconfigure.web.servlet.MockMvcPrintOnlyOnFailureTestExecutionListener@1ca55d5, org.springframework.boot.test.autoconfigure.web.servlet.WebDriverTestExecutionListener@16576a6, org.springframework.boot.test.autoconfigure.webservices.client.MockWebServiceServerTestExecutionListener@70b037ac]
2023-11-12 10:58:48,989 INFO [main] org.springframework.boot.StartupInfoLogger: Starting OrderServiceTests using Java 18.0.2.1 on DESKTOP-M3SJL48 with PID 24332 (started by Александр in D:\Java Homework\Test task\order-service)
2023-11-12 10:58:48,989 INFO [main] org.springframework.boot.SpringApplication: No active profile set, falling back to 1 default profile: "default"
2023-11-12 10:58:49,285 INFO [main] org.springframework.data.repository.config.RepositoryConfigurationDelegate: Bootstrapping Spring Data JPA repositories in DEFAULT mode.
2023-11-12 10:58:49,309 INFO [main] org.springframework.data.repository.config.RepositoryConfigurationDelegate: Finished Spring Data repository scanning in 22 ms. Found 2 JPA repository interfaces.
2023-11-12 10:58:49,641 INFO [main] com.zaxxer.hikari.HikariDataSource: HikariPool-2 - Starting...
2023-11-12 10:58:49,683 INFO [main] com.zaxxer.hikari.HikariDataSource: HikariPool-2 - Start completed.
2023-11-12 10:58:49,791 INFO [main] liquibase.logging.core.JavaLogger: Successfully acquired change log lock
2023-11-12 10:58:49,916 INFO [main] liquibase.logging.core.JavaLogger: Reading from public.databasechangelog
2023-11-12 10:58:50,003 INFO [main] liquibase.logging.core.JavaLogger: Successfully released change log lock
2023-11-12 10:58:50,053 INFO [main] org.hibernate.jpa.internal.util.LogHelper: HHH000204: Processing PersistenceUnitInfo [name: default]
2023-11-12 10:58:50,064 INFO [main] org.hibernate.dialect.Dialect: HHH000400: Using dialect: org.hibernate.dialect.PostgreSQLDialect
2023-11-12 10:58:50,141 INFO [main] org.hibernate.engine.transaction.jta.platform.internal.JtaPlatformInitiator: HHH000490: Using JtaPlatform implementation: [org.hibernate.engine.transaction.jta.platform.internal.NoJtaPlatform]
2023-11-12 10:58:50,142 INFO [main] org.springframework.orm.jpa.AbstractEntityManagerFactoryBean: Initialized JPA EntityManagerFactory for persistence unit 'default'
2023-11-12 10:58:50,346 WARN [main] org.springframework.boot.autoconfigure.orm.jpa.JpaBaseConfiguration$JpaWebConfiguration: spring.jpa.open-in-view is enabled by default. Therefore, database queries may be performed during view rendering. Explicitly configure spring.jpa.open-in-view to disable this warning
2023-11-12 10:58:50,899 INFO [main] org.springframework.boot.StartupInfoLogger: Started OrderServiceTests in 1.937 seconds (JVM running for 14.246)
2023-11-12 10:58:50,955 INFO [main] ru.sber.orderservice.service.OrderServiceImpl: Get list all orders
2023-11-12 10:58:50,976 INFO [main] ru.sber.orderservice.service.OrderServiceImpl: Mapped order request OrderDTO(userId=1, items=[OrderItemDTO(nameProduct=product1, quantity=1, description=product1, price=150)])
2023-11-12 10:58:50,990 INFO [main] ru.sber.orderservice.service.OrderServiceImpl: Save order Order{id=1, userId=1, totalPrice=150, items=[OrderItem{id=null, nameProduct='product1', quantity=1, description='product1', price=150}]}
2023-11-12 10:58:51,043 INFO [SpringApplicationShutdownHook] org.springframework.orm.jpa.AbstractEntityManagerFactoryBean: Closing JPA EntityManagerFactory for persistence unit 'default'
2023-11-12 10:58:51,047 INFO [SpringApplicationShutdownHook] com.zaxxer.hikari.HikariDataSource: HikariPool-1 - Shutdown initiated...
2023-11-12 10:58:51,061 INFO [SpringApplicationShutdownHook] com.zaxxer.hikari.HikariDataSource: HikariPool-1 - Shutdown completed.
2023-11-12 10:58:51,067 INFO [SpringApplicationShutdownHook] org.springframework.orm.jpa.AbstractEntityManagerFactoryBean: Closing JPA EntityManagerFactory for persistence unit 'default'
2023-11-12 10:58:51,069 INFO [SpringApplicationShutdownHook] com.zaxxer.hikari.HikariDataSource: HikariPool-2 - Shutdown initiated...
2023-11-12 10:58:51,083 INFO [SpringApplicationShutdownHook] com.zaxxer.hikari.HikariDataSource: HikariPool-2 - Shutdown completed.
2023-11-12 10:59:52,707 INFO [main] org.springframework.test.context.support.AbstractTestContextBootstrapper: Neither @ContextConfiguration nor @ContextHierarchy found for test class [ru.sber.orderservice.mapper.OrderMapperTests], using SpringBootContextLoader
2023-11-12 10:59:52,716 INFO [main] org.springframework.test.context.support.AbstractContextLoader: Could not detect default resource locations for test class [ru.sber.orderservice.mapper.OrderMapperTests]: no resource found for suffixes {-context.xml, Context.groovy}.
2023-11-12 10:59:52,718 INFO [main] org.springframework.test.context.support.AnnotationConfigContextLoaderUtils: Could not detect default configuration classes for test class [ru.sber.orderservice.mapper.OrderMapperTests]: OrderMapperTests does not declare any static, non-private, non-final, nested classes annotated with @Configuration.
2023-11-12 10:59:52,945 INFO [main] org.springframework.boot.test.context.SpringBootTestContextBootstrapper: Found @SpringBootConfiguration ru.sber.orderservice.OrderServiceApplication for test class ru.sber.orderservice.mapper.OrderMapperTests
2023-11-12 10:59:53,075 INFO [main] org.springframework.test.context.support.AbstractTestContextBootstrapper: Loaded default TestExecutionListener class names from location [META-INF/spring.factories]: [org.springframework.boot.test.mock.mockito.MockitoTestExecutionListener, org.springframework.boot.test.mock.mockito.ResetMocksTestExecutionListener, org.springframework.boot.test.autoconfigure.restdocs.RestDocsTestExecutionListener, org.springframework.boot.test.autoconfigure.web.client.MockRestServiceServerResetTestExecutionListener, org.springframework.boot.test.autoconfigure.web.servlet.MockMvcPrintOnlyOnFailureTestExecutionListener, org.springframework.boot.test.autoconfigure.web.servlet.WebDriverTestExecutionListener, org.springframework.boot.test.autoconfigure.webservices.client.MockWebServiceServerTestExecutionListener, org.springframework.test.context.web.ServletTestExecutionListener, org.springframework.test.context.support.DirtiesContextBeforeModesTestExecutionListener, org.springframework.test.context.event.ApplicationEventsTestExecutionListener, org.springframework.test.context.support.DependencyInjectionTestExecutionListener, org.springframework.test.context.support.DirtiesContextTestExecutionListener, org.springframework.test.context.transaction.TransactionalTestExecutionListener, org.springframework.test.context.jdbc.SqlScriptsTestExecutionListener, org.springframework.test.context.event.EventPublishingTestExecutionListener]
2023-11-12 10:59:53,101 INFO [main] org.springframework.test.context.support.AbstractTestContextBootstrapper: Using TestExecutionListeners: [org.springframework.test.context.web.ServletTestExecutionListener@5c153b9e, org.springframework.test.context.support.DirtiesContextBeforeModesTestExecutionListener@2a7686a7, org.springframework.test.context.event.ApplicationEventsTestExecutionListener@758a34ce, org.springframework.boot.test.mock.mockito.MockitoTestExecutionListener@7ec3394b, org.springframework.boot.test.autoconfigure.SpringBootDependencyInjectionTestExecutionListener@bff34c6, org.springframework.test.context.support.DirtiesContextTestExecutionListener@1522d8a0, org.springframework.test.context.transaction.TransactionalTestExecutionListener@312ab28e, org.springframework.test.context.jdbc.SqlScriptsTestExecutionListener@5644dc81, org.springframework.test.context.event.EventPublishingTestExecutionListener@246f8b8b, org.springframework.boot.test.mock.mockito.ResetMocksTestExecutionListener@278bb07e, org.springframework.boot.test.autoconfigure.restdocs.RestDocsTestExecutionListener@4351c8c3, org.springframework.boot.test.autoconfigure.web.client.MockRestServiceServerResetTestExecutionListener@3381b4fc, org.springframework.boot.test.autoconfigure.web.servlet.MockMvcPrintOnlyOnFailureTestExecutionListener@6bea52d4, org.springframework.boot.test.autoconfigure.web.servlet.WebDriverTestExecutionListener@11981797, org.springframework.boot.test.autoconfigure.webservices.client.MockWebServiceServerTestExecutionListener@5c42d2b7]
2023-11-12 10:59:53,582 INFO [main] org.springframework.boot.StartupInfoLogger: Starting OrderMapperTests using Java 18.0.2.1 on DESKTOP-M3SJL48 with PID 13484 (started by Александр in D:\Java Homework\Test task\order-service)
2023-11-12 10:59:53,583 INFO [main] org.springframework.boot.SpringApplication: No active profile set, falling back to 1 default profile: "default"
2023-11-12 10:59:53,599 INFO [background-preinit] org.hibernate.validator.internal.util.Version: HV000001: Hibernate Validator 6.2.5.Final
2023-11-12 10:59:54,934 INFO [main] org.springframework.data.repository.config.RepositoryConfigurationDelegate: Bootstrapping Spring Data JPA repositories in DEFAULT mode.
2023-11-12 10:59:55,016 INFO [main] org.springframework.data.repository.config.RepositoryConfigurationDelegate: Finished Spring Data repository scanning in 67 ms. Found 2 JPA repository interfaces.
2023-11-12 10:59:55,937 INFO [main] com.zaxxer.hikari.HikariDataSource: HikariPool-1 - Starting...
2023-11-12 10:59:56,385 INFO [main] com.zaxxer.hikari.HikariDataSource: HikariPool-1 - Start completed.
2023-11-12 10:59:56,904 INFO [main] liquibase.logging.core.JavaLogger: Successfully acquired change log lock
2023-11-12 10:59:57,083 INFO [main] liquibase.logging.core.JavaLogger: Reading from public.databasechangelog
2023-11-12 10:59:57,189 INFO [main] liquibase.logging.core.JavaLogger: Successfully released change log lock
2023-11-12 10:59:57,333 INFO [main] org.hibernate.jpa.internal.util.LogHelper: HHH000204: Processing PersistenceUnitInfo [name: default]
2023-11-12 10:59:57,392 INFO [main] org.hibernate.Version: HHH000412: Hibernate ORM core version 5.6.15.Final
2023-11-12 10:59:57,560 INFO [main] org.hibernate.annotations.common.reflection.java.JavaReflectionManager: HCANN000001: Hibernate Commons Annotations {5.1.2.Final}
2023-11-12 10:59:57,693 INFO [main] org.hibernate.dialect.Dialect: HHH000400: Using dialect: org.hibernate.dialect.PostgreSQLDialect
2023-11-12 10:59:58,371 INFO [main] org.hibernate.engine.transaction.jta.platform.internal.JtaPlatformInitiator: HHH000490: Using JtaPlatform implementation: [org.hibernate.engine.transaction.jta.platform.internal.NoJtaPlatform]
2023-11-12 10:59:58,384 INFO [main] org.springframework.orm.jpa.AbstractEntityManagerFactoryBean: Initialized JPA EntityManagerFactory for persistence unit 'default'
2023-11-12 10:59:59,350 WARN [main] org.springframework.boot.autoconfigure.orm.jpa.JpaBaseConfiguration$JpaWebConfiguration: spring.jpa.open-in-view is enabled by default. Therefore, database queries may be performed during view rendering. Explicitly configure spring.jpa.open-in-view to disable this warning
2023-11-12 11:00:00,382 INFO [main] org.springframework.boot.StartupInfoLogger: Started OrderMapperTests in 7.225 seconds (JVM running for 9.315)
2023-11-12 11:00:00,654 INFO [SpringApplicationShutdownHook] org.springframework.orm.jpa.AbstractEntityManagerFactoryBean: Closing JPA EntityManagerFactory for persistence unit 'default'
2023-11-12 11:00:00,658 INFO [SpringApplicationShutdownHook] com.zaxxer.hikari.HikariDataSource: HikariPool-1 - Shutdown initiated...
2023-11-12 11:00:00,670 INFO [SpringApplicationShutdownHook] com.zaxxer.hikari.HikariDataSource: HikariPool-1 - Shutdown completed.
